# JRE version: OpenJDK Runtime Environment (8.0_76-b03) (build 1.8.0_76-release-b03)
# Java VM: OpenJDK 64-Bit Server VM (25.76-b03 mixed mode linux-amd64 compressed oops)
Heap:
 PSYoungGen      total 210944K, used 38626K [0x00000000eab00000, 0x00000000fa800000, 0x0000000100000000)
  eden space 172032K, 0% used [0x00000000eab00000,0x00000000eab00000,0x00000000f5300000)
  from space 38912K, 99% used [0x00000000f5300000,0x00000000f78b8bb0,0x00000000f7900000)
  to   space 31232K, 0% used [0x00000000f7900000,0x00000000f7900000,0x00000000f9780000)
 ParOldGen       total 115200K, used 52798K [0x00000000c0000000, 0x00000000c7080000, 0x00000000eab00000)
  object space 115200K, 45% used [0x00000000c0000000,0x00000000c338fb18,0x00000000c7080000)
 Metaspace       used 5883K, capacity 7024K, committed 7296K, reserved 1056768K
  class space    used 560K, capacity 616K, committed 640K, reserved 1048576K
GC Heap History (10 events):
Event: 29,048 GC heap after
Heap after GC invocations=4 (full 0):
 PSYoungGen      total 97792K, used 3583K [0x00000000eab00000, 0x00000000f0e00000, 0x0000000100000000)
  eden space 94208K, 0% used [0x00000000eab00000,0x00000000eab00000,0x00000000f0700000)
  from space 3584K, 99% used [0x00000000f0a80000,0x00000000f0dffc80,0x00000000f0e00000)
  to   space 3584K, 0% used [0x00000000f0700000,0x00000000f0700000,0x00000000f0a80000)
 ParOldGen       total 61440K, used 48570K [0x00000000c0000000, 0x00000000c3c00000, 0x00000000eab00000)
  object space 61440K, 79% used [0x00000000c0000000,0x00000000c2f6e878,0x00000000c3c00000)
 Metaspace       used 5664K, capacity 6896K, committed 7040K, reserved 1056768K
  class space    used 557K, capacity 616K, committed 640K, reserved 1048576K
}
Event: 29,048 GC heap before
{Heap before GC invocations=5 (full 1):
 PSYoungGen      total 97792K, used 3583K [0x00000000eab00000, 0x00000000f0e00000, 0x0000000100000000)
  eden space 94208K, 0% used [0x00000000eab00000,0x00000000eab00000,0x00000000f0700000)
  from space 3584K, 99% used [0x00000000f0a80000,0x00000000f0dffc80,0x00000000f0e00000)
  to   space 3584K, 0% used [0x00000000f0700000,0x00000000f0700000,0x00000000f0a80000)
 ParOldGen       total 61440K, used 48570K [0x00000000c0000000, 0x00000000c3c00000, 0x00000000eab00000)
  object space 61440K, 79% used [0x00000000c0000000,0x00000000c2f6e878,0x00000000c3c00000)
 Metaspace       used 5664K, capacity 6896K, committed 7040K, reserved 1056768K
  class space    used 557K, capacity 616K, committed 640K, reserved 1048576K
Event: 29,298 GC heap after
Heap after GC invocations=5 (full 1):
 PSYoungGen      total 97792K, used 0K [0x00000000eab00000, 0x00000000f0e00000, 0x0000000100000000)
  eden space 94208K, 0% used [0x00000000eab00000,0x00000000eab00000,0x00000000f0700000)
  from space 3584K, 0% used [0x00000000f0a80000,0x00000000f0a80000,0x00000000f0e00000)
  to   space 3584K, 0% used [0x00000000f0700000,0x00000000f0700000,0x00000000f0a80000)
 ParOldGen       total 66560K, used 15883K [0x00000000c0000000, 0x00000000c4100000, 0x00000000eab00000)
  object space 66560K, 23% used [0x00000000c0000000,0x00000000c0f82da8,0x00000000c4100000)
 Metaspace       used 5664K, capacity 6896K, committed 7040K, reserved 1056768K
  class space    used 557K, capacity 616K, committed 640K, reserved 1048576K
}
Event: 31,314 GC heap before
{Heap before GC invocations=6 (full 1):
 PSYoungGen      total 97792K, used 94208K [0x00000000eab00000, 0x00000000f0e00000, 0x0000000100000000)
  eden space 94208K, 100% used [0x00000000eab00000,0x00000000f0700000,0x00000000f0700000)
  from space 3584K, 0% used [0x00000000f0a80000,0x00000000f0a80000,0x00000000f0e00000)
  to   space 3584K, 0% used [0x00000000f0700000,0x00000000f0700000,0x00000000f0a80000)
 ParOldGen       total 66560K, used 15883K [0x00000000c0000000, 0x00000000c4100000, 0x00000000eab00000)
  object space 66560K, 23% used [0x00000000c0000000,0x00000000c0f82da8,0x00000000c4100000)
 Metaspace       used 5782K, capacity 6960K, committed 7040K, reserved 1056768K
  class space    used 557K, capacity 616K, committed 640K, reserved 1048576K
Event: 31,350 GC heap after
Heap after GC invocations=6 (full 1):
 PSYoungGen      total 97792K, used 3558K [0x00000000eab00000, 0x00000000f9780000, 0x0000000100000000)
  eden space 94208K, 0% used [0x00000000eab00000,0x00000000eab00000,0x00000000f0700000)
  from space 3584K, 99% used [0x00000000f0700000,0x00000000f0a79820,0x00000000f0a80000)
  to   space 31232K, 0% used [0x00000000f7900000,0x00000000f7900000,0x00000000f9780000)
 ParOldGen       total 66560K, used 35891K [0x00000000c0000000, 0x00000000c4100000, 0x00000000eab00000)
  object space 66560K, 53% used [0x00000000c0000000,0x00000000c230ce98,0x00000000c4100000)
 Metaspace       used 5782K, capacity 6960K, committed 7040K, reserved 1056768K
  class space    used 557K, capacity 616K, committed 640K, reserved 1048576K
}
Event: 31,838 GC heap before
{Heap before GC invocations=7 (full 1):
 PSYoungGen      total 97792K, used 97766K [0x00000000eab00000, 0x00000000f9780000, 0x0000000100000000)
  eden space 94208K, 100% used [0x00000000eab00000,0x00000000f0700000,0x00000000f0700000)
  from space 3584K, 99% used [0x00000000f0700000,0x00000000f0a79820,0x00000000f0a80000)
  to   space 31232K, 0% used [0x00000000f7900000,0x00000000f7900000,0x00000000f9780000)
 ParOldGen       total 66560K, used 35891K [0x00000000c0000000, 0x00000000c4100000, 0x00000000eab00000)
  object space 66560K, 53% used [0x00000000c0000000,0x00000000c230ce98,0x00000000c4100000)
 Metaspace       used 5838K, capacity 7024K, committed 7296K, reserved 1056768K
  class space    used 558K, capacity 616K, committed 640K, reserved 1048576K
Event: 31,933 GC heap after
Heap after GC invocations=7 (full 1):
 PSYoungGen      total 203264K, used 31208K [0x00000000eab00000, 0x00000000fa800000, 0x0000000100000000)
  eden space 172032K, 0% used [0x00000000eab00000,0x00000000eab00000,0x00000000f5300000)
  from space 31232K, 99% used [0x00000000f7900000,0x00000000f977a1f8,0x00000000f9780000)
  to   space 38912K, 0% used [0x00000000f5300000,0x00000000f5300000,0x00000000f7900000)
 ParOldGen       total 66560K, used 39037K [0x00000000c0000000, 0x00000000c4100000, 0x00000000eab00000)
  object space 66560K, 58% used [0x00000000c0000000,0x00000000c261f468,0x00000000c4100000)
 Metaspace       used 5838K, capacity 7024K, committed 7296K, reserved 1056768K
  class space    used 558K, capacity 616K, committed 640K, reserved 1048576K
}
Event: 31,933 GC heap before
{Heap before GC invocations=8 (full 2):
 PSYoungGen      total 203264K, used 31208K [0x00000000eab00000, 0x00000000fa800000, 0x0000000100000000)
  eden space 172032K, 0% used [0x00000000eab00000,0x00000000eab00000,0x00000000f5300000)
  from space 31232K, 99% used [0x00000000f7900000,0x00000000f977a1f8,0x00000000f9780000)
  to   space 38912K, 0% used [0x00000000f5300000,0x00000000f5300000,0x00000000f7900000)
 ParOldGen       total 66560K, used 39037K [0x00000000c0000000, 0x00000000c4100000, 0x00000000eab00000)
  object space 66560K, 58% used [0x00000000c0000000,0x00000000c261f468,0x00000000c4100000)
 Metaspace       used 5838K, capacity 7024K, committed 7296K, reserved 1056768K
  class space    used 558K, capacity 616K, committed 640K, reserved 1048576K
Event: 32,198 GC heap after
Heap after GC invocations=8 (full 2):
 PSYoungGen      total 203264K, used 0K [0x00000000eab00000, 0x00000000fa800000, 0x0000000100000000)
  eden space 172032K, 0% used [0x00000000eab00000,0x00000000eab00000,0x00000000f5300000)
  from space 31232K, 0% used [0x00000000f7900000,0x00000000f7900000,0x00000000f9780000)
  to   space 38912K, 0% used [0x00000000f5300000,0x00000000f5300000,0x00000000f7900000)
 ParOldGen       total 115200K, used 52790K [0x00000000c0000000, 0x00000000c7080000, 0x00000000eab00000)
  object space 115200K, 45% used [0x00000000c0000000,0x00000000c338db18,0x00000000c7080000)
 Metaspace       used 5838K, capacity 7024K, committed 7296K, reserved 1056768K
  class space    used 558K, capacity 616K, committed 640K, reserved 1048576K
}
Event: 33,452 GC heap before
{Heap before GC invocations=9 (full 2):
 PSYoungGen      total 203264K, used 172032K [0x00000000eab00000, 0x00000000fa800000, 0x0000000100000000)
  eden space 172032K, 100% used [0x00000000eab00000,0x00000000f5300000,0x00000000f5300000)
  from space 31232K, 0% used [0x00000000f7900000,0x00000000f7900000,0x00000000f9780000)
  to   space 38912K, 0% used [0x00000000f5300000,0x00000000f5300000,0x00000000f7900000)
 ParOldGen       total 115200K, used 52790K [0x00000000c0000000, 0x00000000c7080000, 0x00000000eab00000)
  object space 115200K, 45% used [0x00000000c0000000,0x00000000c338db18,0x00000000c7080000)
 Metaspace       used 5883K, capacity 7024K, committed 7296K, reserved 1056768K
  class space    used 560K, capacity 616K, committed 640K, reserved 1048576K

